-------------------------------------------------------------------------------
Test set: com.example.oa.controller.Task09FilterOrdersByDateRangeTest
-------------------------------------------------------------------------------
Tests run: 7, Failures: 3, Errors: 0, Skipped: 0, Time elapsed: 7.324 s <<< FAILURE! -- in com.example.oa.controller.Task09FilterOrdersByDateRangeTest
com.example.oa.controller.Task09FilterOrdersByDateRangeTest.testGetOrders_FilterByDateAndStatus -- Time elapsed: 0.093 s <<< FAILURE!
java.lang.AssertionError: Status expected:<200> but was:<500>
	at org.springframework.test.util.AssertionErrors.fail(AssertionErrors.java:59)
	at org.springframework.test.util.AssertionErrors.assertEquals(AssertionErrors.java:122)
	at org.springframework.test.web.servlet.result.StatusResultMatchers.lambda$matcher$9(StatusResultMatchers.java:637)
	at org.springframework.test.web.servlet.MockMvc$1.andExpect(MockMvc.java:214)
	at com.example.oa.controller.Task09FilterOrdersByDateRangeTest.testGetOrders_FilterByDateAndStatus(Task09FilterOrdersByDateRangeTest.java:83)
	at java.base/java.lang.reflect.Method.invoke(Method.java:565)
	at java.base/java.util.ArrayList.forEach(ArrayList.java:1604)
	at java.base/java.util.ArrayList.forEach(ArrayList.java:1604)

com.example.oa.controller.Task09FilterOrdersByDateRangeTest.testGetOrders_FilterByStartDateAfterEndDate -- Time elapsed: 0.026 s <<< FAILURE!
java.lang.AssertionError: Status expected:<400> but was:<200>
	at org.springframework.test.util.AssertionErrors.fail(AssertionErrors.java:59)
	at org.springframework.test.util.AssertionErrors.assertEquals(AssertionErrors.java:122)
	at org.springframework.test.web.servlet.result.StatusResultMatchers.lambda$matcher$9(StatusResultMatchers.java:637)
	at org.springframework.test.web.servlet.MockMvc$1.andExpect(MockMvc.java:214)
	at com.example.oa.controller.Task09FilterOrdersByDateRangeTest.testGetOrders_FilterByStartDateAfterEndDate(Task09FilterOrdersByDateRangeTest.java:99)
	at java.base/java.lang.reflect.Method.invoke(Method.java:565)
	at java.base/java.util.ArrayList.forEach(ArrayList.java:1604)
	at java.base/java.util.ArrayList.forEach(ArrayList.java:1604)

com.example.oa.controller.Task09FilterOrdersByDateRangeTest.testGetOrders_FilterByInvalidDateFormat -- Time elapsed: 0.019 s <<< FAILURE!
java.lang.AssertionError: Status expected:<400> but was:<500>
	at org.springframework.test.util.AssertionErrors.fail(AssertionErrors.java:59)
	at org.springframework.test.util.AssertionErrors.assertEquals(AssertionErrors.java:122)
	at org.springframework.test.web.servlet.result.StatusResultMatchers.lambda$matcher$9(StatusResultMatchers.java:637)
	at org.springframework.test.web.servlet.MockMvc$1.andExpect(MockMvc.java:214)
	at com.example.oa.controller.Task09FilterOrdersByDateRangeTest.testGetOrders_FilterByInvalidDateFormat(Task09FilterOrdersByDateRangeTest.java:91)
	at java.base/java.lang.reflect.Method.invoke(Method.java:565)
	at java.base/java.util.ArrayList.forEach(ArrayList.java:1604)
	at java.base/java.util.ArrayList.forEach(ArrayList.java:1604)

