<?xml version="1.0" encoding="UTF-8"?>
<testsuite xmlns:xsi="http://www.w3.org/2001/XMLSchema-instance" xsi:noNamespaceSchemaLocation="https://maven.apache.org/surefire/maven-surefire-plugin/xsd/surefire-test-report-3.0.xsd" version="3.0" name="com.example.oa.controller.Task12CancelOrderTest" time="7.446" tests="6" errors="0" skipped="0" failures="1">
  <properties>
[...]
</properties>
  <testcase name="testCancelOrder_PendingOrderSuccess" classname="com.example.oa.controller.Task12CancelOrderTest" time="0.916">
    <system-out><![CDATA[17:49:50.828 [main] INFO org.springframework.test.context.support.AnnotationConfigContextLoaderUtils -- Could not detect default configuration classes for test class [com.example.oa.controller.Task12CancelOrderTest]: Task12CancelOrderTest does not declare any static, non-private, non-final, nested classes annotated with @Configuration.
17:49:51.005 [main] INFO org.springframework.boot.test.context.SpringBootTestContextBootstrapper -- Found @SpringBootConfiguration com.example.oa.Application for test class com.example.oa.controller.Task12CancelOrderTest

  .   ____          _            __ _ _
 /\\ / ___'_ __ _ _(_)_ __  __ _ \ \ \ \
( ( )\___ | '_ | '_| | '_ \/ _` | \ \ \ \
 \\/  ___)| |_)| | | | | || (_| |  ) ) ) )
  '  |____| .__|_| |_|_| |_\__, | / / / /
 =========|_|==============|___/=/_/_/_/
 :: Spring Boot ::                (v3.2.2)

2026-01-31T17:49:51.489Z  INFO 13650 --- [           main] c.e.oa.controller.Task12CancelOrderTest  : Starting Task12CancelOrderTest using Java 25.0.1 with PID 13650 (started by codespace in /workspaces/springboot-oa-practice)
2026-01-31T17:49:51.492Z  INFO 13650 --- [           main] c.e.oa.controller.Task12CancelOrderTest  : No active profile set, falling back to 1 default profile: "default"
2026-01-31T17:49:52.612Z  INFO 13650 --- [           main] .s.d.r.c.RepositoryConfigurationDelegate : Bootstrapping Spring Data JPA repositories in DEFAULT mode.
2026-01-31T17:49:52.713Z  INFO 13650 --- [           main] .s.d.r.c.RepositoryConfigurationDelegate : Finished Spring Data repository scanning in 86 ms. Found 4 JPA repository interfaces.
2026-01-31T17:49:53.349Z  INFO 13650 --- [           main] o.hibernate.jpa.internal.util.LogHelper  : HHH000204: Processing PersistenceUnitInfo [name: default]
2026-01-31T17:49:53.401Z  INFO 13650 --- [           main] org.hibernate.Version                    : HHH000412: Hibernate ORM core version 6.4.1.Final
2026-01-31T17:49:53.440Z  INFO 13650 --- [           main] o.h.c.internal.RegionFactoryInitiator    : HHH000026: Second-level cache disabled
2026-01-31T17:49:53.713Z  INFO 13650 --- [           main] o.s.o.j.p.SpringPersistenceUnitInfo      : No LoadTimeWeaver setup: ignoring JPA class transformer
2026-01-31T17:49:53.756Z  INFO 13650 --- [           main] com.zaxxer.hikari.HikariDataSource       : HikariPool-1 - Starting...
2026-01-31T17:49:53.965Z  INFO 13650 --- [           main] com.zaxxer.hikari.pool.HikariPool        : HikariPool-1 - Added connection conn0: url=jdbc:h2:mem:testdb user=SA
2026-01-31T17:49:53.966Z  INFO 13650 --- [           main] com.zaxxer.hikari.HikariDataSource       : HikariPool-1 - Start completed.
2026-01-31T17:49:53.993Z  WARN 13650 --- [           main] org.hibernate.orm.deprecation            : HHH90000025: H2Dialect does not need to be specified explicitly using 'hibernate.dialect' (remove the property setting and it will be selected by default)
2026-01-31T17:49:55.127Z  INFO 13650 --- [           main] o.h.e.t.j.p.i.JtaPlatformInitiator       : HHH000489: No JTA platform available (set 'hibernate.transaction.jta.platform' to enable JTA platform integration)
Hibernate: 
    drop table if exists cart_items cascade 
Hibernate: 
    drop table if exists customers cascade 
Hibernate: 
    drop table if exists orders cascade 
Hibernate: 
    drop table if exists products cascade 
Hibernate: 
    create table cart_items (
        price float(53) not null,
        quantity integer not null,
        id bigint generated by default as identity,
        order_id bigint,
        product_id bigint not null,
        product_name varchar(255),
        primary key (id)
    )
Hibernate: 
    create table customers (
        id bigint generated by default as identity,
        email varchar(255),
        name varchar(255) not null,
        primary key (id)
    )
Hibernate: 
    create table orders (
        total_amount float(53) not null,
        customer_id bigint not null,
        id bigint generated by default as identity,
        order_date timestamp(6) not null,
        customer_name varchar(255),
        status varchar(255) not null check (status in ('PENDING','CREATED','CONFIRMED','SHIPPED','DELIVERED','COMPLETED','CANCELLED')),
        primary key (id)
    )
Hibernate: 
    create table products (
        price float(53) not null,
        id bigint generated by default as identity,
        description varchar(255),
        name varchar(255) not null,
        primary key (id)
    )
2026-01-31T17:49:55.265Z  INFO 13650 --- [           main] j.LocalContainerEntityManagerFactoryBean : Initialized JPA EntityManagerFactory for persistence unit 'default'
2026-01-31T17:49:56.042Z  WARN 13650 --- [           main] JpaBaseConfiguration$JpaWebConfiguration : spring.jpa.open-in-view is enabled by default. Therefore, database queries may be performed during view rendering. Explicitly configure spring.jpa.open-in-view to disable this warning
2026-01-31T17:49:56.692Z  INFO 13650 --- [           main] o.s.b.a.h2.H2ConsoleAutoConfiguration    : H2 console available at '/h2-console'. Database available at 'jdbc:h2:mem:testdb'
2026-01-31T17:49:56.788Z  INFO 13650 --- [           main] o.s.b.t.m.w.SpringBootMockServletContext : Initializing Spring TestDispatcherServlet ''
2026-01-31T17:49:56.788Z  INFO 13650 --- [           main] o.s.t.web.servlet.TestDispatcherServlet  : Initializing Servlet ''
2026-01-31T17:49:56.792Z  INFO 13650 --- [           main] o.s.t.web.servlet.TestDispatcherServlet  : Completed initialization in 3 ms
2026-01-31T17:49:56.832Z  INFO 13650 --- [           main] c.e.oa.controller.Task12CancelOrderTest  : Started Task12CancelOrderTest in 5.698 seconds (process running for 6.987)
Hibernate: 
    select
        o1_0.id,
        o1_0.customer_id,
        o1_0.customer_name,
        o1_0.order_date,
        o1_0.status,
        o1_0.total_amount 
    from
        orders o1_0 
    where
        o1_0.id=?
Hibernate: 
    update
        orders 
    set
        customer_id=?,
        customer_name=?,
        order_date=?,
        status=?,
        total_amount=? 
    where
        id=?
]]></system-out>
    <system-err><![CDATA[WARNING: A Java agent has been loaded dynamically (/home/codespace/.m2/repository/net/bytebuddy/byte-buddy-agent/1.14.11/byte-buddy-agent-1.14.11.jar)
WARNING: If a serviceability tool is in use, please run with -XX:+EnableDynamicAgentLoading to hide this warning
WARNING: If a serviceability tool is not in use, please run with -Djdk.instrument.traceUsage for more information
WARNING: Dynamic loading of agents will be disallowed by default in a future release
]]></system-err>
  </testcase>
  <testcase name="testCancelOrder_AlreadyCancelledOrderCannotBeCancelledAgain" classname="com.example.oa.controller.Task12CancelOrderTest" time="0.06">
    <system-out><![CDATA[Hibernate: 
    select
        o1_0.id,
        o1_0.customer_id,
        o1_0.customer_name,
        o1_0.order_date,
        o1_0.status,
        o1_0.total_amount 
    from
        orders o1_0 
    where
        o1_0.id=?
Hibernate: 
    update
        orders 
    set
        customer_id=?,
        customer_name=?,
        order_date=?,
        status=?,
        total_amount=? 
    where
        id=?
Hibernate: 
    select
        o1_0.id,
        o1_0.customer_id,
        o1_0.customer_name,
        o1_0.order_date,
        o1_0.status,
        o1_0.total_amount 
    from
        orders o1_0 
    where
        o1_0.id=?
]]></system-out>
  </testcase>
  <testcase name="testCancelOrder_OrderNotFound" classname="com.example.oa.controller.Task12CancelOrderTest" time="0.036">
    <system-out><![CDATA[Hibernate: 
    select
        o1_0.id,
        o1_0.customer_id,
        o1_0.customer_name,
        o1_0.order_date,
        o1_0.status,
        o1_0.total_amount 
    from
        orders o1_0 
    where
        o1_0.id=?
]]></system-out>
  </testcase>
  <testcase name="testCancelOrder_ShippedOrderSuccess" classname="com.example.oa.controller.Task12CancelOrderTest" time="0.14">
    <system-out><![CDATA[Hibernate: 
    select
        o1_0.id,
        o1_0.customer_id,
        o1_0.customer_name,
        o1_0.order_date,
        o1_0.status,
        o1_0.total_amount 
    from
        orders o1_0 
    where
        o1_0.id=?
Hibernate: 
    update
        orders 
    set
        customer_id=?,
        customer_name=?,
        order_date=?,
        status=?,
        total_amount=? 
    where
        id=?
Hibernate: 
    select
        o1_0.id,
        o1_0.customer_id,
        o1_0.customer_name,
        o1_0.order_date,
        o1_0.status,
        o1_0.total_amount 
    from
        orders o1_0 
    where
        o1_0.id=?
Hibernate: 
    update
        orders 
    set
        customer_id=?,
        customer_name=?,
        order_date=?,
        status=?,
        total_amount=? 
    where
        id=?
]]></system-out>
  </testcase>
  <testcase name="testCancelOrder_DeliveredOrderCannotBeCancelled" classname="com.example.oa.controller.Task12CancelOrderTest" time="0.03">
    <failure message="Status expected:&lt;400&gt; but was:&lt;200&gt;" type="java.lang.AssertionError"><![CDATA[java.lang.AssertionError: Status expected:<400> but was:<200>
	at org.springframework.test.util.AssertionErrors.fail(AssertionErrors.java:59)
	at org.springframework.test.util.AssertionErrors.assertEquals(AssertionErrors.java:122)
	at org.springframework.test.web.servlet.result.StatusResultMatchers.lambda$matcher$9(StatusResultMatchers.java:637)
	at org.springframework.test.web.servlet.MockMvc$1.andExpect(MockMvc.java:214)
	at com.example.oa.controller.Task12CancelOrderTest.testCancelOrder_DeliveredOrderCannotBeCancelled(Task12CancelOrderTest.java:74)
	at java.base/java.lang.reflect.Method.invoke(Method.java:565)
	at java.base/java.util.ArrayList.forEach(ArrayList.java:1604)
	at java.base/java.util.ArrayList.forEach(ArrayList.java:1604)
]]></failure>
    <system-out><![CDATA[Hibernate: 
    select
        o1_0.id,
        o1_0.customer_id,
        o1_0.customer_name,
        o1_0.order_date,
        o1_0.status,
        o1_0.total_amount 
    from
        orders o1_0 
    where
        o1_0.id=?
Hibernate: 
    update
        orders 
    set
        customer_id=?,
        customer_name=?,
        order_date=?,
        status=?,
        total_amount=? 
    where
        id=?

MockHttpServletRequest:
      HTTP Method = PATCH
      Request URI = /api/orders/1/cancel
       Parameters = {}
          Headers = []
             Body = null
    Session Attrs = {}

Handler:
             Type = com.example.oa.controller.OrderController
           Method = com.example.oa.controller.OrderController#cancelOrder(Long)

Async:
    Async started = false
     Async result = null

Resolved Exception:
             Type = null

ModelAndView:
        View name = null
             View = null
            Model = null

FlashMap:
       Attributes = null

MockHttpServletResponse:
           Status = 200
    Error message = null
          Headers = [Content-Type:"application/json"]
     Content type = application/json
             Body = {"id":1,"customerId":1,"customerName":"John Doe","orderDate":"2026-01-15T10:30:00","status":"CANCELLED","totalAmount":2029.97}
    Forwarded URL = null
   Redirected URL = null
          Cookies = []
]]></system-out>
  </testcase>
  <testcase name="testCancelOrder_VerifyOrderIsCancelled" classname="com.example.oa.controller.Task12CancelOrderTest" time="0.034">
    <system-out><![CDATA[Hibernate: 
    select
        o1_0.id,
        o1_0.customer_id,
        o1_0.customer_name,
        o1_0.order_date,
        o1_0.status,
        o1_0.total_amount 
    from
        orders o1_0 
    where
        o1_0.id=?
Hibernate: 
    update
        orders 
    set
        customer_id=?,
        customer_name=?,
        order_date=?,
        status=?,
        total_amount=? 
    where
        id=?
]]></system-out>
  </testcase>
</testsuite>