<?xml version="1.0" encoding="UTF-8"?>
<testsuite xmlns:xsi="http://www.w3.org/2001/XMLSchema-instance" xsi:noNamespaceSchemaLocation="https://maven.apache.org/surefire/maven-surefire-plugin/xsd/surefire-test-report-3.0.xsd" version="3.0" name="com.example.oa.controller.Task02AddCartItemTest" time="0.094" tests="5" errors="0" skipped="0" failures="0">
  <properties>
[...]
</properties>
  <testcase name="testAddCartItem_FetchesProductDetails" classname="com.example.oa.controller.Task02AddCartItemTest" time="0.019">
    <system-out><![CDATA[2026-01-31T17:39:01.820Z  INFO 5404 --- [           main] t.c.s.AnnotationConfigContextLoaderUtils : Could not detect default configuration classes for test class [com.example.oa.controller.Task02AddCartItemTest]: Task02AddCartItemTest does not declare any static, non-private, non-final, nested classes annotated with @Configuration.
2026-01-31T17:39:01.829Z  INFO 5404 --- [           main] .b.t.c.SpringBootTestContextBootstrapper : Found @SpringBootConfiguration com.example.oa.Application for test class com.example.oa.controller.Task02AddCartItemTest
Hibernate: 
    select
        p1_0.id,
        p1_0.description,
        p1_0.name,
        p1_0.price 
    from
        products p1_0 
    where
        p1_0.id=?
Hibernate: 
    insert 
    into
        cart_items
        (order_id, price, product_id, product_name, quantity, id) 
    values
        (?, ?, ?, ?, ?, default)
]]></system-out>
  </testcase>
  <testcase name="testAddCartItem_ProductNotFound" classname="com.example.oa.controller.Task02AddCartItemTest" time="0.013">
    <system-out><![CDATA[Hibernate: 
    select
        p1_0.id,
        p1_0.description,
        p1_0.name,
        p1_0.price 
    from
        products p1_0 
    where
        p1_0.id=?
]]></system-out>
  </testcase>
  <testcase name="testAddCartItem_Success" classname="com.example.oa.controller.Task02AddCartItemTest" time="0.014">
    <system-out><![CDATA[Hibernate: 
    select
        p1_0.id,
        p1_0.description,
        p1_0.name,
        p1_0.price 
    from
        products p1_0 
    where
        p1_0.id=?
Hibernate: 
    insert 
    into
        cart_items
        (order_id, price, product_id, product_name, quantity, id) 
    values
        (?, ?, ?, ?, ?, default)
]]></system-out>
  </testcase>
  <testcase name="testAddCartItem_ValidationError_MissingProductId" classname="com.example.oa.controller.Task02AddCartItemTest" time="0.007"/>
  <testcase name="testAddCartItem_ValidationError_InvalidQuantity" classname="com.example.oa.controller.Task02AddCartItemTest" time="0.008"/>
</testsuite>