<?xml version="1.0" encoding="UTF-8"?>
<testsuite xmlns:xsi="http://www.w3.org/2001/XMLSchema-instance" xsi:noNamespaceSchemaLocation="https://maven.apache.org/surefire/maven-surefire-plugin/xsd/surefire-test-report-3.0.xsd" version="3.0" name="com.example.oa.controller.Task09FilterOrdersByDateRangeTest" time="7.429" tests="7" errors="0" skipped="0" failures="0">
  <properties>
[...]
</properties>
  <testcase name="testGetOrders_FilterByStartDateOnly" classname="com.example.oa.controller.Task09FilterOrdersByDateRangeTest" time="1.092">
    <system-out><![CDATA[17:49:08.255 [main] INFO org.springframework.test.context.support.AnnotationConfigContextLoaderUtils -- Could not detect default configuration classes for test class [com.example.oa.controller.Task09FilterOrdersByDateRangeTest]: Task09FilterOrdersByDateRangeTest does not declare any static, non-private, non-final, nested classes annotated with @Configuration.
17:49:08.450 [main] INFO org.springframework.boot.test.context.SpringBootTestContextBootstrapper -- Found @SpringBootConfiguration com.example.oa.Application for test class com.example.oa.controller.Task09FilterOrdersByDateRangeTest

  .   ____          _            __ _ _
 /\\ / ___'_ __ _ _(_)_ __  __ _ \ \ \ \
( ( )\___ | '_ | '_| | '_ \/ _` | \ \ \ \
 \\/  ___)| |_)| | | | | || (_| |  ) ) ) )
  '  |____| .__|_| |_|_| |_\__, | / / / /
 =========|_|==============|___/=/_/_/_/
 :: Spring Boot ::                (v3.2.2)

2026-01-31T17:49:08.982Z  INFO 12913 --- [           main] .e.o.c.Task09FilterOrdersByDateRangeTest : Starting Task09FilterOrdersByDateRangeTest using Java 25.0.1 with PID 12913 (started by codespace in /workspaces/springboot-oa-practice)
2026-01-31T17:49:08.984Z  INFO 12913 --- [           main] .e.o.c.Task09FilterOrdersByDateRangeTest : No active profile set, falling back to 1 default profile: "default"
2026-01-31T17:49:10.039Z  INFO 12913 --- [           main] .s.d.r.c.RepositoryConfigurationDelegate : Bootstrapping Spring Data JPA repositories in DEFAULT mode.
2026-01-31T17:49:10.120Z  INFO 12913 --- [           main] .s.d.r.c.RepositoryConfigurationDelegate : Finished Spring Data repository scanning in 73 ms. Found 4 JPA repository interfaces.
2026-01-31T17:49:10.825Z  INFO 12913 --- [           main] o.hibernate.jpa.internal.util.LogHelper  : HHH000204: Processing PersistenceUnitInfo [name: default]
2026-01-31T17:49:10.882Z  INFO 12913 --- [           main] org.hibernate.Version                    : HHH000412: Hibernate ORM core version 6.4.1.Final
2026-01-31T17:49:10.920Z  INFO 12913 --- [           main] o.h.c.internal.RegionFactoryInitiator    : HHH000026: Second-level cache disabled
2026-01-31T17:49:11.240Z  INFO 12913 --- [           main] o.s.o.j.p.SpringPersistenceUnitInfo      : No LoadTimeWeaver setup: ignoring JPA class transformer
2026-01-31T17:49:11.273Z  INFO 12913 --- [           main] com.zaxxer.hikari.HikariDataSource       : HikariPool-1 - Starting...
2026-01-31T17:49:11.471Z  INFO 12913 --- [           main] com.zaxxer.hikari.pool.HikariPool        : HikariPool-1 - Added connection conn0: url=jdbc:h2:mem:testdb user=SA
2026-01-31T17:49:11.473Z  INFO 12913 --- [           main] com.zaxxer.hikari.HikariDataSource       : HikariPool-1 - Start completed.
2026-01-31T17:49:11.499Z  WARN 12913 --- [           main] org.hibernate.orm.deprecation            : HHH90000025: H2Dialect does not need to be specified explicitly using 'hibernate.dialect' (remove the property setting and it will be selected by default)
2026-01-31T17:49:12.480Z  INFO 12913 --- [           main] o.h.e.t.j.p.i.JtaPlatformInitiator       : HHH000489: No JTA platform available (set 'hibernate.transaction.jta.platform' to enable JTA platform integration)
Hibernate: 
    drop table if exists cart_items cascade 
Hibernate: 
    drop table if exists customers cascade 
Hibernate: 
    drop table if exists orders cascade 
Hibernate: 
    drop table if exists products cascade 
Hibernate: 
    create table cart_items (
        price float(53) not null,
        quantity integer not null,
        id bigint generated by default as identity,
        order_id bigint,
        product_id bigint not null,
        product_name varchar(255),
        primary key (id)
    )
Hibernate: 
    create table customers (
        id bigint generated by default as identity,
        email varchar(255),
        name varchar(255) not null,
        primary key (id)
    )
Hibernate: 
    create table orders (
        total_amount float(53) not null,
        customer_id bigint not null,
        id bigint generated by default as identity,
        order_date timestamp(6) not null,
        customer_name varchar(255),
        status varchar(255) not null check (status in ('PENDING','CREATED','CONFIRMED','SHIPPED','DELIVERED','COMPLETED','CANCELLED')),
        primary key (id)
    )
Hibernate: 
    create table products (
        price float(53) not null,
        id bigint generated by default as identity,
        description varchar(255),
        name varchar(255) not null,
        primary key (id)
    )
2026-01-31T17:49:12.534Z  INFO 12913 --- [           main] j.LocalContainerEntityManagerFactoryBean : Initialized JPA EntityManagerFactory for persistence unit 'default'
2026-01-31T17:49:13.405Z  WARN 12913 --- [           main] JpaBaseConfiguration$JpaWebConfiguration : spring.jpa.open-in-view is enabled by default. Therefore, database queries may be performed during view rendering. Explicitly configure spring.jpa.open-in-view to disable this warning
2026-01-31T17:49:13.897Z  INFO 12913 --- [           main] o.s.b.a.h2.H2ConsoleAutoConfiguration    : H2 console available at '/h2-console'. Database available at 'jdbc:h2:mem:testdb'
2026-01-31T17:49:13.960Z  INFO 12913 --- [           main] o.s.b.t.m.w.SpringBootMockServletContext : Initializing Spring TestDispatcherServlet ''
2026-01-31T17:49:13.961Z  INFO 12913 --- [           main] o.s.t.web.servlet.TestDispatcherServlet  : Initializing Servlet ''
2026-01-31T17:49:13.963Z  INFO 12913 --- [           main] o.s.t.web.servlet.TestDispatcherServlet  : Completed initialization in 1 ms
2026-01-31T17:49:14.022Z  INFO 12913 --- [           main] .e.o.c.Task09FilterOrdersByDateRangeTest : Started Task09FilterOrdersByDateRangeTest in 5.384 seconds (process running for 7.01)
Hibernate: 
    select
        o1_0.id,
        o1_0.customer_id,
        o1_0.customer_name,
        o1_0.order_date,
        o1_0.status,
        o1_0.total_amount 
    from
        orders o1_0 
    where
        o1_0.order_date>=? 
    order by
        o1_0.id 
    offset
        ? rows 
    fetch
        first ? rows only
]]></system-out>
    <system-err><![CDATA[WARNING: A Java agent has been loaded dynamically (/home/codespace/.m2/repository/net/bytebuddy/byte-buddy-agent/1.14.11/byte-buddy-agent-1.14.11.jar)
WARNING: If a serviceability tool is in use, please run with -XX:+EnableDynamicAgentLoading to hide this warning
WARNING: If a serviceability tool is not in use, please run with -Djdk.instrument.traceUsage for more information
WARNING: Dynamic loading of agents will be disallowed by default in a future release
]]></system-err>
  </testcase>
  <testcase name="testGetOrders_FilterByDateAndStatus" classname="com.example.oa.controller.Task09FilterOrdersByDateRangeTest" time="0.109">
    <system-out><![CDATA[Hibernate: 
    select
        o1_0.id,
        o1_0.customer_id,
        o1_0.customer_name,
        o1_0.order_date,
        o1_0.status,
        o1_0.total_amount 
    from
        orders o1_0 
    where
        o1_0.order_date between ? and ? 
    order by
        o1_0.id 
    offset
        ? rows 
    fetch
        first ? rows only
]]></system-out>
  </testcase>
  <testcase name="testGetOrders_FilterByEndDateOnly" classname="com.example.oa.controller.Task09FilterOrdersByDateRangeTest" time="0.053">
    <system-out><![CDATA[Hibernate: 
    select
        o1_0.id,
        o1_0.customer_id,
        o1_0.customer_name,
        o1_0.order_date,
        o1_0.status,
        o1_0.total_amount 
    from
        orders o1_0 
    where
        o1_0.order_date<=? 
    order by
        o1_0.id 
    offset
        ? rows 
    fetch
        first ? rows only
]]></system-out>
  </testcase>
  <testcase name="testGetOrders_FilterByDateRangeWithPagination" classname="com.example.oa.controller.Task09FilterOrdersByDateRangeTest" time="0.043">
    <system-out><![CDATA[Hibernate: 
    select
        o1_0.id,
        o1_0.customer_id,
        o1_0.customer_name,
        o1_0.order_date,
        o1_0.status,
        o1_0.total_amount 
    from
        orders o1_0 
    where
        o1_0.order_date between ? and ? 
    order by
        o1_0.id 
    offset
        ? rows 
    fetch
        first ? rows only
]]></system-out>
  </testcase>
  <testcase name="testGetOrders_FilterByStartDateAfterEndDate" classname="com.example.oa.controller.Task09FilterOrdersByDateRangeTest" time="0.032"/>
  <testcase name="testGetOrders_FilterByDateRange" classname="com.example.oa.controller.Task09FilterOrdersByDateRangeTest" time="0.035">
    <system-out><![CDATA[Hibernate: 
    select
        o1_0.id,
        o1_0.customer_id,
        o1_0.customer_name,
        o1_0.order_date,
        o1_0.status,
        o1_0.total_amount 
    from
        orders o1_0 
    where
        o1_0.order_date between ? and ? 
    order by
        o1_0.id 
    offset
        ? rows 
    fetch
        first ? rows only
]]></system-out>
  </testcase>
  <testcase name="testGetOrders_FilterByInvalidDateFormat" classname="com.example.oa.controller.Task09FilterOrdersByDateRangeTest" time="0.017"/>
</testsuite>